<?xml version="1.0" encoding="UTF-8"?>
<!-- Generated by org.testng.reporters.JUnitReportReporter -->
<testsuite hostname="Abhishek" failures="0" tests="1" name="com.test.fw.GetAPITest" time="2.643" errors="0" timestamp="30 Dec 2018 06:28:49 GMT" skipped="0">
  <testcase classname="com.test.fw.GetAPITest" name="Test1" time="2.643"/>
</testsuite> <!-- com.test.fw.GetAPITest -->
